<?xml version="1.0" encoding="UTF-8"?>
<!-- Generated by org.testng.reporters.JUnitReportReporter -->
<testsuite hostname="DESKTOP-PI54DLS" failures="0" tests="2" name="testNGImplementation.CreateOrgWithTypeAndIndustryTest" time="0.012" errors="1" timestamp="2024-08-04T18:32:24 IST" skipped="1">
  <testcase classname="testNGImplementation.CreateOrgWithTypeAndIndustryTest" name="createOrgWithTypeAndIndustryTest" time="0.000">
    <skipped/>
  </testcase> <!-- createOrgWithTypeAndIndustryTest -->
  <system-out/>
  <testcase classname="testNGImplementation.CreateOrgWithTypeAndIndustryTest" name="classConfiguration" time="0.012">
    <error message="Unresolved compilation problems: 
	The import org.apache.poi.EncryptedDocumentException cannot be resolved
	The import org.apache.poi.ss cannot be resolved
	The import org.apache.poi.ss cannot be resolved
	The import org.apache.poi.ss cannot be resolved
	The import org.apache.poi.ss cannot be resolved
	Workbook cannot be resolved to a type
	DataFormatter cannot be resolved to a type
	Workbook cannot be resolved to a type
	WorkbookFactory cannot be resolved
	EncryptedDocumentException cannot be resolved to a type
	No exception of type Object can be thrown; an exception type must be a subclass of Throwable
	The method printStackTrace() is undefined for the type Object
	DataFormatter cannot be resolved to a type
	DataFormatter cannot be resolved to a type
	DataFormatter cannot be resolved to a type
	Workbook cannot be resolved to a type
	Sheet cannot be resolved to a type
	Workbook cannot be resolved to a type
	DataFormatter cannot be resolved to a type
	DataFormatter cannot be resolved to a type
	DataFormatter cannot be resolved to a type
	DataFormatter cannot be resolved to a type
	Sheet cannot be resolved to a type
	Workbook cannot be resolved to a type
	DataFormatter cannot be resolved to a type
	Workbook cannot be resolved to a type
	Workbook cannot be resolved to a type
" type="java.lang.Error">
      <![CDATA[java.lang.Error: Unresolved compilation problems: 
The import org.apache.poi.EncryptedDocumentException cannot be resolved
The import org.apache.poi.ss cannot be resolved
The import org.apache.poi.ss cannot be resolved
The import org.apache.poi.ss cannot be resolved
The import org.apache.poi.ss cannot be resolved
Workbook cannot be resolved to a type
DataFormatter cannot be resolved to a type
Workbook cannot be resolved to a type
WorkbookFactory cannot be resolved
EncryptedDocumentException cannot be resolved to a type
No exception of type Object can be thrown; an exception type must be a subclass of Throwable
The method printStackTrace() is undefined for the type Object
DataFormatter cannot be resolved to a type
DataFormatter cannot be resolved to a type
DataFormatter cannot be resolved to a type
Workbook cannot be resolved to a type
Sheet cannot be resolved to a type
Workbook cannot be resolved to a type
DataFormatter cannot be resolved to a type
DataFormatter cannot be resolved to a type
DataFormatter cannot be resolved to a type
DataFormatter cannot be resolved to a type
Sheet cannot be resolved to a type
Workbook cannot be resolved to a type
DataFormatter cannot be resolved to a type
Workbook cannot be resolved to a type
Workbook cannot be resolved to a type

at genericUtilities.ExcelUtility.<init>(ExcelUtility.java:10)
at genericUtilities.BaseClass.classConfiguration(BaseClass.java:40)
at java.base/jdk.internal.reflect.DirectMethodHandleAccessor.invoke(DirectMethodHandleAccessor.java:103)
at java.base/java.lang.reflect.Method.invoke(Method.java:580)
at org.testng.internal.MethodInvocationHelper.invokeMethod(MethodInvocationHelper.java:133)
at org.testng.internal.MethodInvocationHelper.invokeMethodConsideringTimeout(MethodInvocationHelper.java:62)
at org.testng.internal.ConfigInvoker.invokeConfigurationMethod(ConfigInvoker.java:385)
at org.testng.internal.ConfigInvoker.invokeConfigurations(ConfigInvoker.java:321)
at org.testng.internal.TestMethodWorker.invokeBeforeClassMethods(TestMethodWorker.java:176)
at org.testng.internal.TestMethodWorker.run(TestMethodWorker.java:122)
at java.base/java.util.ArrayList.forEach(ArrayList.java:1597)
at org.testng.TestRunner.privateRun(TestRunner.java:794)
at org.testng.TestRunner.run(TestRunner.java:596)
at org.testng.SuiteRunner.runTest(SuiteRunner.java:377)
at org.testng.SuiteRunner.runSequentially(SuiteRunner.java:371)
at org.testng.SuiteRunner.privateRun(SuiteRunner.java:332)
at org.testng.SuiteRunner.run(SuiteRunner.java:276)
at org.testng.SuiteRunnerWorker.runSuite(SuiteRunnerWorker.java:53)
at org.testng.SuiteRunnerWorker.run(SuiteRunnerWorker.java:96)
at org.testng.TestNG.runSuitesSequentially(TestNG.java:1212)
at org.testng.TestNG.runSuitesLocally(TestNG.java:1134)
at org.testng.TestNG.runSuites(TestNG.java:1063)
at org.testng.TestNG.run(TestNG.java:1031)
at org.testng.remote.AbstractRemoteTestNG.run(AbstractRemoteTestNG.java:115)
at org.testng.remote.RemoteTestNG.initAndRun(RemoteTestNG.java:293)
at org.testng.remote.RemoteTestNG.main(RemoteTestNG.java:91)
]]>
    </error>
  </testcase> <!-- classConfiguration -->
  <system-out/>
</testsuite> <!-- testNGImplementation.CreateOrgWithTypeAndIndustryTest -->
