<?xml version="1.0" encoding="UTF-8"?>
<!-- Generated by org.testng.reporters.JUnitReportReporter -->
<testsuite hostname="DESKTOP-PI54DLS" failures="0" tests="1" name="testng.SampleTest" time="0.010" errors="0" timestamp="2024-07-27T09:47:10 IST" skipped="0">
  <testcase classname="testng.SampleTest" name="demo" time="0.010"/>
  <system-out>
    <![CDATA[Hello World!]]>
  </system-out>
</testsuite> <!-- testng.SampleTest -->
