<?xml version="1.0" encoding="UTF-8"?>
<!-- Generated by org.testng.reporters.JUnitReportReporter -->
<testsuite hostname="DESKTOP-PI54DLS" failures="0" tests="1" name="listnener.TestClass" time="0.013" errors="0" timestamp="2024-08-02T10:26:13 IST" skipped="0">
  <testcase classname="listnener.TestClass" name="demo" time="0.013"/>
  <system-out/>
</testsuite> <!-- listnener.TestClass -->
